{
  "RSpec": {
    "coverage": {
      "/Users/jpferreira/Desktop/Projects/week_4/bookmarks/app.rb": [
        1,
        1,
        1,
        1,
        1,
        1,
        1,
        1,
        null,
        1,
        1,
        1,
        1,
        null,
        null,
        1,
        null,
        1,
        0,
        null,
        null,
        1,
        11,
        11,
        11,
        null,
        null,
        1,
        2,
        null,
        null,
        1,
        2,
        2,
        null,
        null,
        1,
        1,
        1,
        null,
        null,
        1,
        1,
        1,
        null,
        null,
        1,
        1,
        1,
        null,
        null,
        1,
        1,
        1,
        null,
        null,
        1,
        1,
        1,
        null,
        null,
        1,
        1,
        null,
        null,
        1,
        1,
        1,
        1,
        null,
        null,
        1,
        null,
        null
      ],
      "/Users/jpferreira/Desktop/Projects/week_4/bookmarks/lib/bookmark.rb": [
        1,
        1,
        1,
        null,
        1,
        null,
        1,
        null,
        1,
        33,
        33,
        33,
        null,
        null,
        1,
        12,
        12,
        12,
        null,
        null,
        null,
        1,
        19,
        17,
        17,
        null,
        null,
        1,
        2,
        null,
        null,
        1,
        2,
        2,
        null,
        null,
        1,
        2,
        2,
        null,
        null,
        1,
        13,
        null,
        null,
        1,
        19,
        null,
        null,
        null
      ],
      "/Users/jpferreira/Desktop/Projects/week_4/bookmarks/lib/database_connection.rb": [
        1,
        null,
        1,
        null,
        1,
        4,
        null,
        null,
        1,
        1,
        null,
        null,
        1,
        63,
        null,
        null,
        null
      ],
      "/Users/jpferreira/Desktop/Projects/week_4/bookmarks/database_connection_setup.rb": [
        1,
        null,
        1,
        1,
        null,
        0,
        null
      ],
      "/Users/jpferreira/Desktop/Projects/week_4/bookmarks/lib/comment.rb": [
        1,
        null,
        1,
        null,
        1,
        7,
        7,
        7,
        null,
        null,
        1,
        4,
        4,
        null,
        null,
        null,
        null,
        null,
        null,
        1,
        0,
        null,
        null,
        1,
        13,
        13,
        3,
        null,
        null,
        null,
        null,
        null,
        null,
        null
      ],
      "/Users/jpferreira/Desktop/Projects/week_4/bookmarks/lib/user.rb": [
        1,
        1,
        null,
        1,
        1,
        4,
        null,
        4,
        4,
        null,
        null,
        null,
        null,
        null,
        1,
        13,
        2,
        2,
        null,
        null,
        null,
        null,
        null,
        1,
        null,
        1,
        6,
        6,
        null,
        null
      ],
      "/Users/jpferreira/Desktop/Projects/week_4/bookmarks/spec/bookmark_spec.rb": [
        1,
        1,
        null,
        1,
        null,
        1,
        null,
        1,
        1,
        1,
        null,
        null,
        1,
        1,
        1,
        null,
        1,
        1,
        1,
        1,
        null,
        null,
        null,
        1,
        1,
        1,
        1,
        1,
        null,
        null,
        null,
        1,
        1,
        1,
        1,
        null,
        1,
        1,
        1,
        1,
        null,
        null,
        null,
        1,
        1,
        1,
        null,
        1,
        null,
        1,
        1,
        1,
        1,
        null,
        null,
        null,
        2,
        null,
        1,
        1,
        1,
        1,
        null,
        1,
        null,
        null,
        null
      ],
      "/Users/jpferreira/Desktop/Projects/week_4/bookmarks/spec/database_helper.rb": [
        1,
        1,
        null,
        1,
        null,
        null,
        null,
        4,
        null
      ],
      "/Users/jpferreira/Desktop/Projects/week_4/bookmarks/spec/comment_spec.rb": [
        1,
        null,
        1,
        1,
        null,
        1,
        1,
        1,
        1,
        1,
        null,
        1,
        null,
        1,
        1,
        1,
        1,
        null,
        null,
        null,
        1,
        1,
        1,
        1,
        1,
        null,
        1,
        1,
        1,
        null,
        1,
        1,
        1,
        1,
        null,
        null,
        null
      ],
      "/Users/jpferreira/Desktop/Projects/week_4/bookmarks/spec/database_connection_spec.rb": [
        1,
        null,
        1,
        1,
        1,
        1,
        null,
        1,
        null,
        null,
        1,
        1,
        null,
        1,
        null,
        null,
        null,
        1,
        1,
        1,
        null,
        1,
        null,
        1,
        null,
        null,
        null
      ],
      "/Users/jpferreira/Desktop/Projects/week_4/bookmarks/spec/features/add_and_view_comments_spec.rb": [
        1,
        1,
        1,
        1,
        null,
        1,
        1,
        null,
        1,
        null,
        1,
        1,
        null,
        1,
        1,
        null,
        null,
        null
      ],
      "/Users/jpferreira/Desktop/Projects/week_4/bookmarks/spec/features/add_bookmark_spec.rb": [
        1,
        1,
        1,
        1,
        1,
        1,
        null,
        1,
        null,
        null,
        1,
        1,
        1,
        1,
        1,
        null,
        1,
        1,
        null,
        null
      ],
      "/Users/jpferreira/Desktop/Projects/week_4/bookmarks/spec/features/bookmark_feat_spec.rb": [
        null,
        1,
        1,
        null,
        null,
        null,
        1,
        1,
        1,
        null,
        1,
        null,
        1,
        1,
        1,
        null,
        null
      ],
      "/Users/jpferreira/Desktop/Projects/week_4/bookmarks/spec/features/delete_bookmark_spec.rb": [
        1,
        1,
        1,
        1,
        1,
        null,
        1,
        null,
        1,
        1,
        null,
        null
      ],
      "/Users/jpferreira/Desktop/Projects/week_4/bookmarks/spec/features/index_feat_spec.rb": [
        null,
        1,
        1,
        1,
        1,
        1,
        null,
        1,
        null,
        1,
        1,
        1,
        null,
        null
      ],
      "/Users/jpferreira/Desktop/Projects/week_4/bookmarks/spec/features/registration_spec.rb": [
        1,
        1,
        1,
        1,
        1,
        1,
        null,
        1,
        null,
        null
      ],
      "/Users/jpferreira/Desktop/Projects/week_4/bookmarks/spec/features/update_a_bookmark_spec.rb": [
        1,
        1,
        1,
        1,
        1,
        null,
        1,
        1,
        null,
        1,
        1,
        1,
        null,
        1,
        1,
        1,
        null,
        null
      ],
      "/Users/jpferreira/Desktop/Projects/week_4/bookmarks/spec/user_spec.rb": [
        1,
        1,
        null,
        1,
        1,
        1,
        1,
        null,
        1,
        null,
        1,
        1,
        1,
        null,
        null,
        1,
        1,
        null,
        1,
        null,
        null,
        null,
        1,
        1,
        1,
        null,
        1,
        null,
        1,
        1,
        null,
        1,
        1,
        null,
        null,
        null
      ]
    },
    "timestamp": 1621624279
  }
}
