{
  "RSpec": {
    "coverage": {
      "/Users/jpferreira/Desktop/Projects/week_4/bookmarks/app.rb": [
        1,
        1,
        1,
        null,
        1,
        1,
        1,
        null,
        null,
        1,
        null,
        1,
        0,
        null,
        null,
        1,
        5,
        5,
        null,
        null,
        1,
        1,
        null,
        null,
        1,
        1,
        1,
        null,
        null,
        1,
        1,
        1,
        null,
        null,
        1,
        null,
        null
      ],
      "/Users/jpferreira/Desktop/Projects/week_4/bookmarks/lib/bookmark.rb": [
        1,
        null,
        1,
        null,
        1,
        null,
        1,
        18,
        18,
        18,
        null,
        null,
        1,
        6,
        6,
        null,
        0,
        null,
        6,
        6,
        8,
        null,
        null,
        null,
        1,
        10,
        10,
        null,
        0,
        null,
        10,
        10,
        null,
        null,
        1,
        2,
        2,
        null,
        0,
        null,
        2,
        null,
        null,
        null
      ],
      "/Users/jpferreira/Desktop/Projects/week_4/bookmarks/spec/bookmark_spec.rb": [
        1,
        1,
        null,
        1,
        null,
        1,
        1,
        1,
        1,
        null,
        1,
        1,
        1,
        1,
        null,
        null,
        null,
        1,
        1,
        1,
        null,
        1,
        null,
        1,
        null,
        null,
        null
      ],
      "/Users/jpferreira/Desktop/Projects/week_4/bookmarks/spec/database_helper.rb": [
        1,
        null,
        1,
        1,
        1,
        1,
        null
      ],
      "/Users/jpferreira/Desktop/Projects/week_4/bookmarks/spec/features/add_bookmark_spec.rb": [
        1,
        1,
        1,
        1,
        1,
        1,
        null,
        1,
        null,
        null
      ],
      "/Users/jpferreira/Desktop/Projects/week_4/bookmarks/spec/features/bookmark_feat_spec.rb": [
        null,
        1,
        1,
        null,
        null,
        null,
        1,
        1,
        1,
        null,
        1,
        null,
        1,
        1,
        1,
        null,
        null
      ],
      "/Users/jpferreira/Desktop/Projects/week_4/bookmarks/spec/features/delete_bookmark_spec.rb": [
        1,
        1,
        1,
        1,
        1,
        null,
        1,
        null,
        1,
        1,
        null,
        null
      ],
      "/Users/jpferreira/Desktop/Projects/week_4/bookmarks/spec/features/index_feat_spec.rb": [
        null,
        1,
        1,
        1,
        1,
        1,
        null,
        1,
        null,
        1,
        1,
        1,
        null,
        null
      ]
    },
    "timestamp": 1621594688
  }
}
